
**** 02/18/20 17:04:30 *********** Evaluation PSpice (Nov 1999) **************

 * E:\Dropbox\Universidad Dropbox\1er Curso\2o Parcial\TCO\Laboratorio\Pract 2\CircuitoPractica2.sch


 ****     CIRCUIT DESCRIPTION


******************************************************************************




* Schematics Version 9.1 - Web Update 1
* Tue Feb 18 17:04:26 2020



** Analysis setup **
.OP 


* From [PSPICE NETLIST] section of pspiceev.ini:
.lib "nom.lib"

.INC "CircuitoPractica2.net"

**** INCLUDING CircuitoPractica2.net ****
* Schematics Netlist *



D_D2         0 $N_0001 D1N4148 
D_D1         $N_0001 $N_0002 D1N4148 
V_V1         $N_0002 0 0V
V_V2         $N_0003 0  
+SIN 0 10 1000 0 0 0
R_R1         $N_0003 $N_0001  1k  

**** RESUMING CircuitoPractica2.cir ****
.INC "CircuitoPractica2.als"



**** INCLUDING CircuitoPractica2.als ****
* Schematics Aliases *

.ALIASES
D_D2            D2(1=0 2=$N_0001 )
D_D1            D1(1=$N_0001 2=$N_0002 )
V_V1            V1(+=$N_0002 -=0 )
V_V2            V2(+=$N_0003 -=0 )
R_R1            R1(1=$N_0003 2=$N_0001 )
.ENDALIASES


**** RESUMING CircuitoPractica2.cir ****
.probe


.END

**** 02/18/20 17:04:30 *********** Evaluation PSpice (Nov 1999) **************

 * E:\Dropbox\Universidad Dropbox\1er Curso\2o Parcial\TCO\Laboratorio\Pract 2\CircuitoPractica2.sch


 ****     Diode MODEL PARAMETERS


******************************************************************************




               D1N4148         
          IS    2.682000E-09 
           N    1.836        
         ISR    1.565000E-09 
         IKF     .04417      
          BV  100            
         IBV  100.000000E-06 
          RS     .5664       
          TT   11.540000E-09 
         CJO    4.000000E-12 
          VJ     .5          
           M     .3333       


**** 02/18/20 17:04:30 *********** Evaluation PSpice (Nov 1999) **************

 * E:\Dropbox\Universidad Dropbox\1er Curso\2o Parcial\TCO\Laboratorio\Pract 2\CircuitoPractica2.sch


 ****     SMALL SIGNAL BIAS SOLUTION       TEMPERATURE =   27.000 DEG C


******************************************************************************



 NODE   VOLTAGE     NODE   VOLTAGE     NODE   VOLTAGE     NODE   VOLTAGE


($N_0001) 75.84E-24                   ($N_0002)    0.0000                       

($N_0003)    0.0000                   




    VOLTAGE SOURCE CURRENTS
    NAME         CURRENT

    V_V1        -1.657E-20
    V_V2         7.584E-26

    TOTAL POWER DISSIPATION   0.00E+00  WATTS


**** 02/18/20 17:04:30 *********** Evaluation PSpice (Nov 1999) **************

 * E:\Dropbox\Universidad Dropbox\1er Curso\2o Parcial\TCO\Laboratorio\Pract 2\CircuitoPractica2.sch


 ****     OPERATING POINT INFORMATION      TEMPERATURE =   27.000 DEG C


******************************************************************************






**** DIODES


NAME         D_D2        D_D1      
MODEL        D1N4148     D1N4148   
ID           0.00E+00    0.00E+00 
VD          -7.58E-23    7.58E-23 
REQ          1.15E+07    1.15E+07 
CAP          4.00E-12    4.00E-12 

          JOB CONCLUDED

          TOTAL JOB TIME            0.00
