
**** 04/16/20 19:51:57 *********** Evaluation PSpice (Nov 1999) **************

 * F:\Dropbox\Universidad Dropbox\1er Curso\2o Cuatri\TCO\Laboratorio\Pract 6\Apartat1\Apartat3Triestado.sch


 ****     CIRCUIT DESCRIPTION


******************************************************************************




* Schematics Version 9.1 - Web Update 1
* Thu Apr 16 19:51:57 2020



** Analysis setup **
.OP 


* From [PSPICE NETLIST] section of pspiceev.ini:
.lib "nom.lib"

.INC "Apartat3Triestado.net"

**** INCLUDING Apartat3Triestado.net ****
* Schematics Netlist *



X_U3A         $N_0001 $N_0002 $G_DPWR $G_DGND 7404 PARAMS:
+ IO_LEVEL=0 MNTYMXDLY=0
X_U1A         $N_0003 $N_0001 $N_0004 $G_DPWR $G_DGND 74125 PARAMS:
+ IO_LEVEL=0 MNTYMXDLY=0
X_U2A         $N_0005 $N_0002 $N_0004 $G_DPWR $G_DGND 74125 PARAMS:
+ IO_LEVEL=0 MNTYMXDLY=0
V_S         $N_0001 0 0V
V_Vb         $N_0005 0 0V
V_Va         $N_0003 0 5V

**** RESUMING Apartat3Triestado.cir ****
.INC "Apartat3Triestado.als"



**** INCLUDING Apartat3Triestado.als ****
* Schematics Aliases *

.ALIASES
X_U3A           U3A(A=$N_0001 Y=$N_0002 PWR=$G_DPWR GND=$G_DGND )
X_U1A           U1A(A=$N_0003 Gbar=$N_0001 Y=$N_0004 PWR=$G_DPWR GND=$G_DGND )
X_U2A           U2A(A=$N_0005 Gbar=$N_0002 Y=$N_0004 PWR=$G_DPWR GND=$G_DGND )
V_S             S(+=$N_0001 -=0 )
V_Vb            Vb(+=$N_0005 -=0 )
V_Va            Va(+=$N_0003 -=0 )
_    _($G_DGND=$G_DGND)
_    _($G_DPWR=$G_DPWR)
.ENDALIASES


**** RESUMING Apartat3Triestado.cir ****
.probe


.END


**** Generated AtoD and DtoA Interfaces ****

*
* Analog/Digital interface for node $N_0001
*
* Moving X_U1A.U2:IN1 from analog node $N_0001 to new digital node $N_0001$AtoD
X$$N_0001_AtoD1
+ $N_0001
+ $N_0001$AtoD
+ $G_DPWR
+ $G_DGND
+ AtoD_STD
+       PARAMS: CAPACITANCE=   0     
* Moving X_U3A.U1:IN1 from analog node $N_0001 to new digital node $N_0001$AtoD2
X$$N_0001_AtoD2
+ $N_0001
+ $N_0001$AtoD2
+ $G_DPWR
+ $G_DGND
+ AtoD_STD
+       PARAMS: CAPACITANCE=   0     
*
* Analog/Digital interface for node $N_0005
*
* Moving X_U2A.U1:IN from analog node $N_0005 to new digital node $N_0005$AtoD
X$$N_0005_AtoD1
+ $N_0005
+ $N_0005$AtoD
+ $G_DPWR
+ $G_DGND
+ AtoD_STD
+       PARAMS: CAPACITANCE=   0     
*
* Analog/Digital interface for node $N_0003
*
* Moving X_U1A.U1:IN from analog node $N_0003 to new digital node $N_0003$AtoD
X$$N_0003_AtoD1
+ $N_0003
+ $N_0003$AtoD
+ $G_DPWR
+ $G_DGND
+ AtoD_STD
+       PARAMS: CAPACITANCE=   0     
*
* Analog/Digital interface power supply subcircuits
*

X$DIGIFPWR 0 DIGIFPWR

**** 04/16/20 19:51:57 *********** Evaluation PSpice (Nov 1999) **************

 * F:\Dropbox\Universidad Dropbox\1er Curso\2o Cuatri\TCO\Laboratorio\Pract 6\Apartat1\Apartat3Triestado.sch


 ****     Diode MODEL PARAMETERS


******************************************************************************




               D74CLMP         D74             
          IS    1.000000E-15  100.000000E-18 
          RS    2              25            
         CJO    2.000000E-12    2.000000E-12 


**** 04/16/20 19:51:57 *********** Evaluation PSpice (Nov 1999) **************

 * F:\Dropbox\Universidad Dropbox\1er Curso\2o Cuatri\TCO\Laboratorio\Pract 6\Apartat1\Apartat3Triestado.sch


 ****     BJT MODEL PARAMETERS


******************************************************************************




               Q74             
               NPN             
          IS  100.000000E-18 
          BF   49            
          NF    1            
         ISE  100.000000E-18 
          BR     .03         
          NR    1            
         ISC  400.000000E-18 
          RB   50            
          RC   20            
         CJE    1.000000E-12 
         VJE     .9          
         MJE     .5          
         CJC  500.000000E-15 
         VJC     .8          
         CJS    3.000000E-12 
         VJS     .7          
         MJS     .33         
          TF  200.000000E-12 
          TR   10.000000E-09 
          CN    2.42         
           D     .87         


**** 04/16/20 19:51:57 *********** Evaluation PSpice (Nov 1999) **************

 * F:\Dropbox\Universidad Dropbox\1er Curso\2o Cuatri\TCO\Laboratorio\Pract 6\Apartat1\Apartat3Triestado.sch


 ****     Digital Output MODEL PARAMETERS


******************************************************************************




               DO74            
        FILE DSO_ATOD        
      FORMAT    6            
     CHGONLY    1            
    TIMESTEP  100.000000E-12 
      S0NAME X               
       S0VHI    2            
       S0VLO     .8          
      S1NAME 0               
       S1VHI     .8          
       S1VLO   -1.5          
      S2NAME R               
       S2VHI    1.4          
       S2VLO     .8          
      S3NAME R               
       S3VHI    2            
       S3VLO    1.3          
      S4NAME X               
       S4VHI    2            
       S4VLO     .8          
      S5NAME 1               
       S5VHI    7            
       S5VLO    2            
      S6NAME F               
       S6VHI    2            
       S6VLO    1.3          
      S7NAME F               
       S7VHI    1.4          
       S7VLO     .8          


**** 04/16/20 19:51:57 *********** Evaluation PSpice (Nov 1999) **************

 * F:\Dropbox\Universidad Dropbox\1er Curso\2o Cuatri\TCO\Laboratorio\Pract 6\Apartat1\Apartat3Triestado.sch


 ****     Digital Gate MODEL PARAMETERS


******************************************************************************




               D_04            D0_GATE         
      TPLHMN    4.800000E-09    0            
      TPLHTY   12.000000E-09    0            
      TPLHMX   22.000000E-09    0            
      TPHLMN    3.200000E-09    0            
      TPHLTY    8.000000E-09    0            
      TPHLMX   15.000000E-09    0            


**** 04/16/20 19:51:57 *********** Evaluation PSpice (Nov 1999) **************

 * F:\Dropbox\Universidad Dropbox\1er Curso\2o Cuatri\TCO\Laboratorio\Pract 6\Apartat1\Apartat3Triestado.sch


 ****     Digital Tri Gate MODEL PARAMETERS


******************************************************************************




               D_125           
      TPLHMN    3.200000E-09 
      TPLHTY    8.000000E-09 
      TPLHMX   13.000000E-09 
      TPHLMN    4.800000E-09 
      TPHLTY   12.000000E-09 
      TPHLMX   18.000000E-09 
      TPZHMN    4.400000E-09 
      TPZHTY   11.000000E-09 
      TPZHMX   17.000000E-09 
      TPZLMN    6.400000E-09 
      TPZLTY   16.000000E-09 
      TPZLMX   25.000000E-09 
      TPLZMN    2.800000E-09 
      TPLZTY    7.000000E-09 
      TPLZMX   12.000000E-09 
      TPHZMN    2.000000E-09 
      TPHZTY    5.000000E-09 
      TPHZMX    8.000000E-09 


**** 04/16/20 19:51:57 *********** Evaluation PSpice (Nov 1999) **************

 * F:\Dropbox\Universidad Dropbox\1er Curso\2o Cuatri\TCO\Laboratorio\Pract 6\Apartat1\Apartat3Triestado.sch


 ****     Digital IO  MODEL PARAMETERS


******************************************************************************




               IO_STD          
        DRVL  104            
        DRVH   96.4          
       AtoD1 AtoD_STD        
       AtoD2 AtoD_STD_NX     
       AtoD3 AtoD_STD        
       AtoD4 AtoD_STD_NX     
       DtoA1 DtoA_STD        
       DtoA2 DtoA_STD        
       DtoA3 DtoA_STD        
       DtoA4 DtoA_STD        
      TSWHL1    1.373000E-09 
      TSWHL2    1.346000E-09 
      TSWHL3    1.511000E-09 
      TSWHL4    1.487000E-09 
      TSWLH1    3.382000E-09 
      TSWLH2    3.424000E-09 
      TSWLH3    3.517000E-09 
      TSWLH4    3.564000E-09 
       TPWRT  100.000000E+03 


**** 04/16/20 19:51:57 *********** Evaluation PSpice (Nov 1999) **************

 * F:\Dropbox\Universidad Dropbox\1er Curso\2o Cuatri\TCO\Laboratorio\Pract 6\Apartat1\Apartat3Triestado.sch


 ****     SMALL SIGNAL BIAS SOLUTION       TEMPERATURE =   27.000 DEG C


******************************************************************************



 NODE   VOLTAGE     NODE   VOLTAGE     NODE   VOLTAGE     NODE   VOLTAGE


($G_DGND)    0.0000                   ($G_DPWR)    5.0000                       

($N_0001)    0.0000                   ($N_0003)    5.0000                       

($N_0005)    0.0000                   (X$$N_0001_AtoD1.1)     .0915             

(X$$N_0001_AtoD1.2)     .0457         (X$$N_0001_AtoD1.3)     .8277             

(X$$N_0001_AtoD2.1)     .0915         (X$$N_0001_AtoD2.2)     .0457             

(X$$N_0001_AtoD2.3)     .8277         (X$$N_0003_AtoD1.1)    1.5648             

(X$$N_0003_AtoD1.2)     .7824         (X$$N_0003_AtoD1.3)    2.2862             

(X$$N_0005_AtoD1.1)     .0915         (X$$N_0005_AtoD1.2)     .0457             

(X$$N_0005_AtoD1.3)     .8277         



 DGTL NODE : STATE  DGTL NODE : STATE  DGTL NODE : STATE  DGTL NODE : STATE


( $N_0004) : 1     ( X_U2A.G) : 0     ($N_0003$AtoD) : 1                        

( X_U1A.G) : 1     ($N_0001$AtoD2) : 0                   ($N_0001$AtoD) : 0     

( $N_0002) : 1     ($N_0005$AtoD) : 0                    




    VOLTAGE SOURCE CURRENTS
    NAME         CURRENT

    V_S          2.086E-03
    V_Vb         1.043E-03
    V_Va        -2.035E-05
    X$DIGIFPWR.VDPWR  -3.813E-03
    X$DIGIFPWR.VDGND  -3.114E-03

    TOTAL POWER DISSIPATION   1.92E-02  WATTS


**** 04/16/20 19:51:57 *********** Evaluation PSpice (Nov 1999) **************

 * F:\Dropbox\Universidad Dropbox\1er Curso\2o Cuatri\TCO\Laboratorio\Pract 6\Apartat1\Apartat3Triestado.sch


 ****     OPERATING POINT INFORMATION      TEMPERATURE =   27.000 DEG C


******************************************************************************






**** DIODES


NAME         X$$N_0001_AtoD1.D0      X$$N_0001_AtoD1.D1    
MODEL        D74CLMP                 D74                   
ID           0.00E+00                4.62E-14             
VD           0.00E+00                4.57E-02             
REQ          9.63E+11                9.78E+11             
CAP          2.00E-12                2.05E-12             

NAME         X$$N_0001_AtoD1.D2      X$$N_0001_AtoD2.D0    
MODEL        D74                     D74CLMP               
ID           4.62E-14                0.00E+00             
VD           4.57E-02                0.00E+00             
REQ          9.78E+11                9.63E+11             
CAP          2.05E-12                2.00E-12             

NAME         X$$N_0001_AtoD2.D1      X$$N_0001_AtoD2.D2    
MODEL        D74                     D74                   
ID           4.62E-14                4.62E-14             
VD           4.57E-02                4.57E-02             
REQ          9.78E+11                9.78E+11             
CAP          2.05E-12                2.05E-12             

NAME         X$$N_0005_AtoD1.D0      X$$N_0005_AtoD1.D1    
MODEL        D74CLMP                 D74                   
ID           0.00E+00                4.62E-14             
VD           0.00E+00                4.57E-02             
REQ          9.63E+11                9.78E+11             
CAP          2.00E-12                2.05E-12             

NAME         X$$N_0005_AtoD1.D2      X$$N_0003_AtoD1.D0    
MODEL        D74                     D74CLMP               
ID           4.62E-14               -5.00E-12             
VD           4.57E-02               -5.00E+00             
REQ          9.78E+11                1.00E+12             
CAP          2.05E-12                8.17E-13             

NAME         X$$N_0003_AtoD1.D1      X$$N_0003_AtoD1.D2    
MODEL        D74                     D74                   
ID           6.99E-04                6.99E-04             
VD           7.82E-01                7.82E-01             
REQ          3.70E+01                3.70E+01             
CAP          3.58E-12                3.58E-12             


**** BIPOLAR JUNCTION TRANSISTORS


NAME         X$$N_0001_AtoD1.Q1      X$$N_0001_AtoD2.Q1    
MODEL        Q74                     Q74                   
IB           1.04E-03                1.04E-03             
IC          -4.62E-14               -4.62E-14             
VBE          8.28E-01                8.28E-01             
VBC          7.36E-01                7.36E-01             
VCE          9.15E-02                9.15E-02             
BETADC      -4.43E-11               -4.43E-11             
GM           3.95E-02                3.95E-02             
RPI          1.20E+03                1.20E+03             
RX           5.00E+01                5.00E+01             
RO           8.44E+02                8.44E+02             
CBE          1.01E-11                1.01E-11             
CBC          1.26E-11                1.26E-11             
CJS          2.88E-12                2.88E-12             
BETAAC       4.75E+01                4.75E+01             
CBX/CBX2     0.00E+00                0.00E+00             
FT/FT2       2.77E+08                2.77E+08             



NAME         X$$N_0005_AtoD1.Q1      X$$N_0003_AtoD1.Q1    
MODEL        Q74                     Q74                   
IB           1.04E-03                6.78E-04             
IC          -4.62E-14               -6.99E-04             
VBE          8.28E-01               -2.71E+00             
VBC          7.36E-01                7.21E-01             
VCE          9.15E-02               -3.44E+00             
BETADC      -4.43E-11               -1.03E+00             
GM           3.95E-02               -7.87E-04             
RPI          1.20E+03                4.90E+13             
RX           5.00E+01                5.00E+01             
RO           8.44E+02                1.27E+03             
CBE          1.01E-11                4.97E-13             
CBC          1.26E-11                8.64E-12             
CJS          2.88E-12                2.03E-12             
BETAAC       4.75E+01               -3.86E+10             
CBX/CBX2     0.00E+00                0.00E+00             
FT/FT2       2.77E+08               -1.37E+07             



          JOB CONCLUDED

          TOTAL JOB TIME             .02
